16-Nov-2016 14:58:00.911 SEVERE [http-nio-8080-exec-3] org.apache.catalina.core.StandardWrapperValve.invoke Servlet.service() for servlet [jsp] in context with path [/vide] threw exception [Impossible de compiler la classe pour la JSP: 

Une erreur s'est produite à la ligne: 15 dans le fichier jsp: /test.jsp
Syntax error on token ",", . expected
12: </center>
13: 
14: <%
15: for(int i=0, i<3, i++){
16: 	out.println(i);
17: }
18: %>


Une erreur s'est produite à la ligne: 15 dans le fichier jsp: /test.jsp
i cannot be resolved or is not a field
12: </center>
13: 
14: <%
15: for(int i=0, i<3, i++){
16: 	out.println(i);
17: }
18: %>


Une erreur s'est produite à la ligne: 15 dans le fichier jsp: /test.jsp
Syntax error on token ",", ; expected
12: </center>
13: 
14: <%
15: for(int i=0, i<3, i++){
16: 	out.println(i);
17: }
18: %>


Une erreur s'est produite à la ligne: 15 dans le fichier jsp: /test.jsp
Type mismatch: cannot convert from int to boolean
12: </center>
13: 
14: <%
15: for(int i=0, i<3, i++){
16: 	out.println(i);
17: }
18: %>


Une erreur s'est produite à la ligne: 15 dans le fichier jsp: /test.jsp
Syntax error on token "++", ; expected after this token
12: </center>
13: 
14: <%
15: for(int i=0, i<3, i++){
16: 	out.println(i);
17: }
18: %>


Stacktrace:] with root cause
 org.apache.jasper.JasperException: Impossible de compiler la classe pour la JSP: 

Une erreur s'est produite à la ligne: 15 dans le fichier jsp: /test.jsp
Syntax error on token ",", . expected
12: </center>
13: 
14: <%
15: for(int i=0, i<3, i++){
16: 	out.println(i);
17: }
18: %>


Une erreur s'est produite à la ligne: 15 dans le fichier jsp: /test.jsp
i cannot be resolved or is not a field
12: </center>
13: 
14: <%
15: for(int i=0, i<3, i++){
16: 	out.println(i);
17: }
18: %>


Une erreur s'est produite à la ligne: 15 dans le fichier jsp: /test.jsp
Syntax error on token ",", ; expected
12: </center>
13: 
14: <%
15: for(int i=0, i<3, i++){
16: 	out.println(i);
17: }
18: %>


Une erreur s'est produite à la ligne: 15 dans le fichier jsp: /test.jsp
Type mismatch: cannot convert from int to boolean
12: </center>
13: 
14: <%
15: for(int i=0, i<3, i++){
16: 	out.println(i);
17: }
18: %>


Une erreur s'est produite à la ligne: 15 dans le fichier jsp: /test.jsp
Syntax error on token "++", ; expected after this token
12: </center>
13: 
14: <%
15: for(int i=0, i<3, i++){
16: 	out.println(i);
17: }
18: %>


Stacktrace:
	at org.apache.jasper.compiler.DefaultErrorHandler.javacError(DefaultErrorHandler.java:103)
	at org.apache.jasper.compiler.ErrorDispatcher.javacError(ErrorDispatcher.java:199)
	at org.apache.jasper.compiler.JDTCompiler.generateClass(JDTCompiler.java:446)
	at org.apache.jasper.compiler.Compiler.compile(Compiler.java:361)
	at org.apache.jasper.compiler.Compiler.compile(Compiler.java:336)
	at org.apache.jasper.compiler.Compiler.compile(Compiler.java:323)
	at org.apache.jasper.JspCompilationContext.compile(JspCompilationContext.java:564)
	at org.apache.jasper.servlet.JspServletWrapper.service(JspServletWrapper.java:357)
	at org.apache.jasper.servlet.JspServlet.serviceJspFile(JspServlet.java:391)
	at org.apache.jasper.servlet.JspServlet.service(JspServlet.java:335)
	at javax.servlet.http.HttpServlet.service(HttpServlet.java:725)
	at org.apache.catalina.core.ApplicationFilterChain.internalDoFilter(ApplicationFilterChain.java:291)
	at org.apache.catalina.core.ApplicationFilterChain.doFilter(ApplicationFilterChain.java:206)
	at org.apache.tomcat.websocket.server.WsFilter.doFilter(WsFilter.java:52)
	at org.apache.catalina.core.ApplicationFilterChain.internalDoFilter(ApplicationFilterChain.java:239)
	at org.apache.catalina.core.ApplicationFilterChain.doFilter(ApplicationFilterChain.java:206)
	at org.apache.catalina.core.StandardWrapperValve.invoke(StandardWrapperValve.java:219)
	at org.apache.catalina.core.StandardContextValve.invoke(StandardContextValve.java:106)
	at org.apache.catalina.authenticator.AuthenticatorBase.invoke(AuthenticatorBase.java:505)
	at org.apache.catalina.core.StandardHostValve.invoke(StandardHostValve.java:142)
	at org.apache.catalina.valves.ErrorReportValve.invoke(ErrorReportValve.java:79)
	at org.apache.catalina.valves.AbstractAccessLogValve.invoke(AbstractAccessLogValve.java:610)
	at org.apache.catalina.core.StandardEngineValve.invoke(StandardEngineValve.java:88)
	at org.apache.catalina.connector.CoyoteAdapter.service(CoyoteAdapter.java:534)
	at org.apache.coyote.http11.AbstractHttp11Processor.process(AbstractHttp11Processor.java:1081)
	at org.apache.coyote.AbstractProtocol$AbstractConnectionHandler.process(AbstractProtocol.java:658)
	at org.apache.coyote.http11.Http11NioProtocol$Http11ConnectionHandler.process(Http11NioProtocol.java:222)
	at org.apache.tomcat.util.net.NioEndpoint$SocketProcessor.doRun(NioEndpoint.java:1566)
	at org.apache.tomcat.util.net.NioEndpoint$SocketProcessor.run(NioEndpoint.java:1523)
	at java.util.concurrent.ThreadPoolExecutor.runWorker(ThreadPoolExecutor.java:1142)
	at java.util.concurrent.ThreadPoolExecutor$Worker.run(ThreadPoolExecutor.java:617)
	at org.apache.tomcat.util.threads.TaskThread$WrappingRunnable.run(TaskThread.java:61)
	at java.lang.Thread.run(Thread.java:745)

16-Nov-2016 15:34:00.855 SEVERE [http-nio-8080-exec-2] org.apache.catalina.core.StandardWrapperValve.invoke Servlet.service() for servlet [jsp] in context with path [/vide] threw exception [Impossible de compiler la classe pour la JSP: 

An error occurred at line: [133] in the generated java file: [/home/infoetu/alaerm/bdd3/tomcat8light/tomcat8/work/Catalina/localhost/vide/org/apache/jsp/select_jsp.java]
Syntax error, insert "}" to complete Block

An error occurred at line: [150] in the generated java file: [/home/infoetu/alaerm/bdd3/tomcat8light/tomcat8/work/Catalina/localhost/vide/org/apache/jsp/select_jsp.java]
Syntax error on token "}", delete this token

An error occurred at line: [151] in the generated java file: [/home/infoetu/alaerm/bdd3/tomcat8light/tomcat8/work/Catalina/localhost/vide/org/apache/jsp/select_jsp.java]
Syntax error, insert "}" to complete ClassBody

Stacktrace:] with root cause
 org.apache.jasper.JasperException: Impossible de compiler la classe pour la JSP: 

An error occurred at line: [133] in the generated java file: [/home/infoetu/alaerm/bdd3/tomcat8light/tomcat8/work/Catalina/localhost/vide/org/apache/jsp/select_jsp.java]
Syntax error, insert "}" to complete Block

An error occurred at line: [150] in the generated java file: [/home/infoetu/alaerm/bdd3/tomcat8light/tomcat8/work/Catalina/localhost/vide/org/apache/jsp/select_jsp.java]
Syntax error on token "}", delete this token

An error occurred at line: [151] in the generated java file: [/home/infoetu/alaerm/bdd3/tomcat8light/tomcat8/work/Catalina/localhost/vide/org/apache/jsp/select_jsp.java]
Syntax error, insert "}" to complete ClassBody

Stacktrace:
	at org.apache.jasper.compiler.DefaultErrorHandler.javacError(DefaultErrorHandler.java:103)
	at org.apache.jasper.compiler.ErrorDispatcher.javacError(ErrorDispatcher.java:199)
	at org.apache.jasper.compiler.JDTCompiler.generateClass(JDTCompiler.java:446)
	at org.apache.jasper.compiler.Compiler.compile(Compiler.java:361)
	at org.apache.jasper.compiler.Compiler.compile(Compiler.java:336)
	at org.apache.jasper.compiler.Compiler.compile(Compiler.java:323)
	at org.apache.jasper.JspCompilationContext.compile(JspCompilationContext.java:564)
	at org.apache.jasper.servlet.JspServletWrapper.service(JspServletWrapper.java:357)
	at org.apache.jasper.servlet.JspServlet.serviceJspFile(JspServlet.java:391)
	at org.apache.jasper.servlet.JspServlet.service(JspServlet.java:335)
	at javax.servlet.http.HttpServlet.service(HttpServlet.java:725)
	at org.apache.catalina.core.ApplicationFilterChain.internalDoFilter(ApplicationFilterChain.java:291)
	at org.apache.catalina.core.ApplicationFilterChain.doFilter(ApplicationFilterChain.java:206)
	at org.apache.tomcat.websocket.server.WsFilter.doFilter(WsFilter.java:52)
	at org.apache.catalina.core.ApplicationFilterChain.internalDoFilter(ApplicationFilterChain.java:239)
	at org.apache.catalina.core.ApplicationFilterChain.doFilter(ApplicationFilterChain.java:206)
	at org.apache.catalina.core.StandardWrapperValve.invoke(StandardWrapperValve.java:219)
	at org.apache.catalina.core.StandardContextValve.invoke(StandardContextValve.java:106)
	at org.apache.catalina.authenticator.AuthenticatorBase.invoke(AuthenticatorBase.java:505)
	at org.apache.catalina.core.StandardHostValve.invoke(StandardHostValve.java:142)
	at org.apache.catalina.valves.ErrorReportValve.invoke(ErrorReportValve.java:79)
	at org.apache.catalina.valves.AbstractAccessLogValve.invoke(AbstractAccessLogValve.java:610)
	at org.apache.catalina.core.StandardEngineValve.invoke(StandardEngineValve.java:88)
	at org.apache.catalina.connector.CoyoteAdapter.service(CoyoteAdapter.java:534)
	at org.apache.coyote.http11.AbstractHttp11Processor.process(AbstractHttp11Processor.java:1081)
	at org.apache.coyote.AbstractProtocol$AbstractConnectionHandler.process(AbstractProtocol.java:658)
	at org.apache.coyote.http11.Http11NioProtocol$Http11ConnectionHandler.process(Http11NioProtocol.java:222)
	at org.apache.tomcat.util.net.NioEndpoint$SocketProcessor.doRun(NioEndpoint.java:1566)
	at org.apache.tomcat.util.net.NioEndpoint$SocketProcessor.run(NioEndpoint.java:1523)
	at java.util.concurrent.ThreadPoolExecutor.runWorker(ThreadPoolExecutor.java:1142)
	at java.util.concurrent.ThreadPoolExecutor$Worker.run(ThreadPoolExecutor.java:617)
	at org.apache.tomcat.util.threads.TaskThread$WrappingRunnable.run(TaskThread.java:61)
	at java.lang.Thread.run(Thread.java:745)

16-Nov-2016 15:35:22.804 SEVERE [http-nio-8080-exec-3] org.apache.catalina.core.StandardWrapperValve.invoke Servlet.service() for servlet [jsp] in context with path [/vide] threw exception [Impossible de compiler la classe pour la JSP: 

An error occurred at line: [126] in the generated java file: [/home/infoetu/alaerm/bdd3/tomcat8light/tomcat8/work/Catalina/localhost/vide/org/apache/jsp/select_jsp.java]
Syntax error, insert "}" to complete Block

An error occurred at line: [143] in the generated java file: [/home/infoetu/alaerm/bdd3/tomcat8light/tomcat8/work/Catalina/localhost/vide/org/apache/jsp/select_jsp.java]
Syntax error on token "}", delete this token

An error occurred at line: [144] in the generated java file: [/home/infoetu/alaerm/bdd3/tomcat8light/tomcat8/work/Catalina/localhost/vide/org/apache/jsp/select_jsp.java]
Syntax error, insert "}" to complete ClassBody

Stacktrace:] with root cause
 org.apache.jasper.JasperException: Impossible de compiler la classe pour la JSP: 

An error occurred at line: [126] in the generated java file: [/home/infoetu/alaerm/bdd3/tomcat8light/tomcat8/work/Catalina/localhost/vide/org/apache/jsp/select_jsp.java]
Syntax error, insert "}" to complete Block

An error occurred at line: [143] in the generated java file: [/home/infoetu/alaerm/bdd3/tomcat8light/tomcat8/work/Catalina/localhost/vide/org/apache/jsp/select_jsp.java]
Syntax error on token "}", delete this token

An error occurred at line: [144] in the generated java file: [/home/infoetu/alaerm/bdd3/tomcat8light/tomcat8/work/Catalina/localhost/vide/org/apache/jsp/select_jsp.java]
Syntax error, insert "}" to complete ClassBody

Stacktrace:
	at org.apache.jasper.compiler.DefaultErrorHandler.javacError(DefaultErrorHandler.java:103)
	at org.apache.jasper.compiler.ErrorDispatcher.javacError(ErrorDispatcher.java:199)
	at org.apache.jasper.compiler.JDTCompiler.generateClass(JDTCompiler.java:446)
	at org.apache.jasper.compiler.Compiler.compile(Compiler.java:361)
	at org.apache.jasper.compiler.Compiler.compile(Compiler.java:336)
	at org.apache.jasper.compiler.Compiler.compile(Compiler.java:323)
	at org.apache.jasper.JspCompilationContext.compile(JspCompilationContext.java:564)
	at org.apache.jasper.servlet.JspServletWrapper.service(JspServletWrapper.java:357)
	at org.apache.jasper.servlet.JspServlet.serviceJspFile(JspServlet.java:391)
	at org.apache.jasper.servlet.JspServlet.service(JspServlet.java:335)
	at javax.servlet.http.HttpServlet.service(HttpServlet.java:725)
	at org.apache.catalina.core.ApplicationFilterChain.internalDoFilter(ApplicationFilterChain.java:291)
	at org.apache.catalina.core.ApplicationFilterChain.doFilter(ApplicationFilterChain.java:206)
	at org.apache.tomcat.websocket.server.WsFilter.doFilter(WsFilter.java:52)
	at org.apache.catalina.core.ApplicationFilterChain.internalDoFilter(ApplicationFilterChain.java:239)
	at org.apache.catalina.core.ApplicationFilterChain.doFilter(ApplicationFilterChain.java:206)
	at org.apache.catalina.core.StandardWrapperValve.invoke(StandardWrapperValve.java:219)
	at org.apache.catalina.core.StandardContextValve.invoke(StandardContextValve.java:106)
	at org.apache.catalina.authenticator.AuthenticatorBase.invoke(AuthenticatorBase.java:505)
	at org.apache.catalina.core.StandardHostValve.invoke(StandardHostValve.java:142)
	at org.apache.catalina.valves.ErrorReportValve.invoke(ErrorReportValve.java:79)
	at org.apache.catalina.valves.AbstractAccessLogValve.invoke(AbstractAccessLogValve.java:610)
	at org.apache.catalina.core.StandardEngineValve.invoke(StandardEngineValve.java:88)
	at org.apache.catalina.connector.CoyoteAdapter.service(CoyoteAdapter.java:534)
	at org.apache.coyote.http11.AbstractHttp11Processor.process(AbstractHttp11Processor.java:1081)
	at org.apache.coyote.AbstractProtocol$AbstractConnectionHandler.process(AbstractProtocol.java:658)
	at org.apache.coyote.http11.Http11NioProtocol$Http11ConnectionHandler.process(Http11NioProtocol.java:222)
	at org.apache.tomcat.util.net.NioEndpoint$SocketProcessor.doRun(NioEndpoint.java:1566)
	at org.apache.tomcat.util.net.NioEndpoint$SocketProcessor.run(NioEndpoint.java:1523)
	at java.util.concurrent.ThreadPoolExecutor.runWorker(ThreadPoolExecutor.java:1142)
	at java.util.concurrent.ThreadPoolExecutor$Worker.run(ThreadPoolExecutor.java:617)
	at org.apache.tomcat.util.threads.TaskThread$WrappingRunnable.run(TaskThread.java:61)
	at java.lang.Thread.run(Thread.java:745)

